[12:27:02] [INIT] KubeJS 2001.6.5-build.16; MC 2001 forge
[12:27:02] [INIT] Loaded plugins:
[12:27:02] [INIT] - dev.latvian.mods.kubejs.forge.BuiltinKubeJSForgePlugin
[12:27:02] [INIT] - thedarkcolour.exdeorum.compat.kubejs.ExDeorumKubeJsPlugin
[12:27:02] [INIT] - dev.ftb.mods.ftbxmodcompat.ftbquests.kubejs.KubeJSIntegration
[12:27:02] [INIT] - dev.ftb.mods.ftbxmodcompat.ftbchunks.kubejs.FTBChunksKubeJSPlugin
[12:27:02] [INIT] - dev.ftb.mods.ftbxmodcompat.ftbteams.kubejs.FTBTeamsKubeJSPlugin
[12:27:02] [INIT] - net.liopyu.entityjs.EntityJSPlugin
[12:27:02] [INIT] - com.bobvarioa.kubejsbotanypots.KubeJSBotanyPotsPlugin
[12:27:02] [INIT] - com.blakebr0.cucumber.compat.kubejs.CucumberKubeJSPlugin
[12:27:02] [INIT] - committee.nova.mods.avaritia.init.compat.kubejs.KubeJSAvaritiaPlugin
[12:27:04] [INFO] Loaded script server_scripts:bedrock.js in 0.002 s
[12:27:04] [INFO] Loaded script server_scripts:botany_gag.js in 0.002 s
[12:27:04] [INFO] Loaded script server_scripts:cobbler.js in 0.0 s
[12:27:04] [INFO] Loaded script server_scripts:container_cancel.js in 0.004 s
[12:27:04] [INFO] Loaded script server_scripts:crucible.js in 0.003 s
[12:27:04] [INFO] Loaded script server_scripts:crystals.js in 0.001 s
[12:27:04] [INFO] Loaded script server_scripts:custom_tag.js in 0.001 s
[12:27:04] [INFO] Loaded script server_scripts:desh_crop.js in 0.008 s
[12:27:04] [INFO] enderman_blocks.js#1: Loaded Java class 'net.minecraft.world.entity.monster.EnderMan$EndermanTakeBlockGoal'
[12:27:04] [INFO] Loaded script server_scripts:enderman_blocks.js in 0.002 s
[12:27:04] [INFO] Loaded script server_scripts:end_portal_frame.js in 0.001 s
[12:27:04] [INFO] example.js#5: Hello, World! (Loaded server scripts)
[12:27:04] [INFO] Loaded script server_scripts:example.js in 0.001 s
[12:27:04] [INFO] Loaded script server_scripts:fading_matter.js in 0.001 s
[12:27:04] [INFO] Loaded script server_scripts:ghast_ore.js in 0.0 s
[12:27:04] [INFO] Loaded script server_scripts:loot_bags.js in 0.002 s
[12:27:04] [INFO] Loaded script server_scripts:pickup_items.js in 0.001 s
[12:27:04] [INFO] Loaded script server_scripts:reinforced_deepslate.js in 0.001 s
[12:27:04] [INFO] Loaded script server_scripts:wither_boss.js in 0.001 s
[12:27:04] [INFO] Loaded script server_scripts:wooden_hopper_bug.js in 0.003 s
[12:27:04] [INFO] Loaded 18/18 KubeJS server scripts in 0.059 s with 0 errors and 0 warnings
[12:27:04] [INFO] Scripts loaded
[12:27:04] [INFO] Initializing recipe event...
[12:27:08] [INFO] [minecraft:block] Found 1510 tags, added 188 objects, removed 0 objects
[12:27:08] [INFO] [minecraft:item] Found 3615 tags, added 10 objects, removed 0 objects
[12:27:15] [INFO] Processing recipes...
[12:27:16] [WARN] Failed to parse recipe 'exdeorum:sieve/dust/golden/yellorium_dust[exdeorum:sieve]'! Falling back to vanilla: ItemStack 'result' can't be empty
[12:27:16] [WARN] Failed to parse recipe 'bygonenether:stonecutting/cracked_withered_blackstone_vertical_slab_from_cracked_withered_blackstone_stonecutting[minecraft:stonecutting]'! Falling back to vanilla: ItemStack 'result' can't be empty!
[12:27:16] [WARN] Failed to parse recipe 'exdeorum:sieve/dust/iron/yellorium_dust[exdeorum:sieve]'! Falling back to vanilla: ItemStack 'result' can't be empty
[12:27:16] [WARN] Failed to parse recipe 'bygonenether:stonecutting/withered_blackstone_vertical_slab_from_withered_blackstone_stonecutting[minecraft:stonecutting]'! Falling back to vanilla: ItemStack 'result' can't be empty!
[12:27:16] [WARN] Failed to parse recipe 'bygonenether:stonecutting/warped_nether_brick_vertical_slab_from_warped_nether_bricks_stonecutting[minecraft:stonecutting]'! Falling back to vanilla: ItemStack 'result' can't be empty!
[12:27:16] [WARN] Failed to parse recipe 'exdeorum:sieve/dust/string/yellorium_dust[exdeorum:sieve]'! Falling back to vanilla: ItemStack 'result' can't be empty
[12:27:16] [WARN] Failed to parse recipe 'pamhc2foodcore:caramelcupcakeitem_x4[minecraft:crafting_shapeless]'! Falling back to vanilla: ItemStack 'result' can't be empty!
[12:27:17] [WARN] Failed to parse recipe 'ironchests:netherite_upgrade[minecraft:smithing_transform]'! Falling back to vanilla: Ingredient 'base' can't be empty!
[12:27:17] [WARN] Failed to parse recipe 'exdeorum:sieve/dust/flint/yellorium_dust[exdeorum:sieve]'! Falling back to vanilla: ItemStack 'result' can't be empty
[12:27:17] [WARN] Failed to parse recipe 'pamhc2foodcore:melonpieitem[minecraft:crafting_shapeless]'! Falling back to vanilla: ItemStack 'result' can't be empty!
[12:27:17] [WARN] Failed to parse recipe 'ironchests:netherite_barrel[minecraft:smithing_transform]'! Falling back to vanilla: Ingredient 'base' can't be empty!
[12:27:17] [WARN] Failed to parse recipe 'incendium:upgrade_elytra[minecraft:smithing_transform]'! Falling back to vanilla: Ingredient 'template' can't be empty!
[12:27:17] [WARN] Failed to parse recipe 'pamhc2foodcore:honeymuffinitem[minecraft:crafting_shapeless]'! Falling back to vanilla: ItemStack 'result' can't be empty!
[12:27:17] [WARN] Failed to parse recipe 'exdeorum:sieve/dust/diamond/yellorium_dust[exdeorum:sieve]'! Falling back to vanilla: ItemStack 'result' can't be empty
[12:27:17] [WARN] Failed to parse recipe 'ironchests:netherite_chest[minecraft:smithing_transform]'! Falling back to vanilla: Ingredient 'base' can't be empty!
[12:27:17] [WARN] Failed to parse recipe 'exdeorum:sieve/dust/netherite/yellorium_dust[exdeorum:sieve]'! Falling back to vanilla: ItemStack 'result' can't be empty
[12:27:17] [INFO] Found 25412 recipes in 1.369 s
[12:27:18] [INFO] Posted recipe events in 879.1 ms
[12:27:19] [WARN] Error parsing recipe thermal:compat/tconstruct/press_tconstruct_blood_slime_2x2_unpacking[thermal:press]: {"type":"thermal:press","ingredients":[{"item":"tconstruct:blood_congealed_slime"},{"item":"thermal:press_unpacking_die"}],"result":[{"item":"tconstruct:blood_slime_ball","count":4}],"energy":400,"conditions":[{"type":"thermal:flag","flag":"mod_tconstruct"}]}: Invalid Thermal Series recipe: thermal:compat/tconstruct/press_tconstruct_blood_slime_2x2_unpacking
Refer to the recipe's ResourceLocation to find the mod responsible and let them know!
[12:27:19] [WARN] Error parsing recipe exdeorum:sieve/dust/netherite/yellorium_dust[exdeorum:sieve]: {"type":"exdeorum:sieve","ingredient":{"item":"exdeorum:dust"},"mesh":"exdeorum:netherite_mesh","result":"biggerreactors:yellorium_dust","result_amount":{"type":"minecraft:binomial","n":1.0,"p":0.14}}: Unknown item 'biggerreactors:yellorium_dust'
[12:27:19] [WARN] Error parsing recipe exdeorum:compressed_sieve/dust/iron/yellorium_dust[exdeorum:compressed_sieve]: {"type":"exdeorum:compressed_sieve","ingredient":{"tag":"exdeorum:compressed/dust"},"mesh":"exdeorum:iron_mesh","result":"biggerreactors:yellorium_dust","result_amount":{"type":"minecraft:binomial","n":7.0,"p":0.08}}: Unknown item 'biggerreactors:yellorium_dust'
[12:27:19] [WARN] Error parsing recipe pamhc2foodcore:honeymuffinitem[minecraft:crafting_shapeless]: {"type":"minecraft:crafting_shapeless","ingredients":[{"tag":"forge:tool_bakeware"},{"tag":"forge:honey"},{"tag":"forge:batter"}],"result":{"item":"pamhc2foodcore:honeymuffinitem","count":1}}: Unknown item 'pamhc2foodcore:honeymuffinitem'
[12:27:19] [WARN] Error parsing recipe exdeorum:sieve/dust/diamond/yellorium_dust[exdeorum:sieve]: {"type":"exdeorum:sieve","ingredient":{"item":"exdeorum:dust"},"mesh":"exdeorum:diamond_mesh","result":"biggerreactors:yellorium_dust","result_amount":{"type":"minecraft:binomial","n":1.0,"p":0.12}}: Unknown item 'biggerreactors:yellorium_dust'
[12:27:19] [WARN] Error parsing recipe exdeorum:compressed_sieve/dust/golden/yellorium_dust[exdeorum:compressed_sieve]: {"type":"exdeorum:compressed_sieve","ingredient":{"tag":"exdeorum:compressed/dust"},"mesh":"exdeorum:golden_mesh","result":"biggerreactors:yellorium_dust","result_amount":{"type":"minecraft:binomial","n":7.0,"p":0.1}}: Unknown item 'biggerreactors:yellorium_dust'
[12:27:20] [WARN] Error parsing recipe mob_grinding_utils:beheading/piglin[mob_grinding_utils:beheading]: {"type":"mob_grinding_utils:beheading","entity":"minecraft:piglin","result":{"item":"tconstruct:piglin_head"}}: Expected item to be an item, was unknown string 'tconstruct:piglin_head'
[12:27:20] [WARN] Error parsing recipe exdeorum:compressed_sieve/dust/flint/yellorium_dust[exdeorum:compressed_sieve]: {"type":"exdeorum:compressed_sieve","ingredient":{"tag":"exdeorum:compressed/dust"},"mesh":"exdeorum:flint_mesh","result":"biggerreactors:yellorium_dust","result_amount":{"type":"minecraft:binomial","n":7.0,"p":0.055}}: Unknown item 'biggerreactors:yellorium_dust'
[12:27:20] [WARN] Error parsing recipe pamhc2foodcore:melonpieitem[minecraft:crafting_shapeless]: {"type":"minecraft:crafting_shapeless","ingredients":[{"tag":"forge:tool_bakeware"},{"tag":"forge:sugar"},{"tag":"forge:crops/melon"},{"tag":"forge:dough"}],"result":{"item":"pamhc2foodcore:melonpieitem","count":1}}: Unknown item 'pamhc2foodcore:melonpieitem'
[12:27:20] [WARN] Error parsing recipe exdeorum:sieve/dust/flint/yellorium_dust[exdeorum:sieve]: {"type":"exdeorum:sieve","ingredient":{"item":"exdeorum:dust"},"mesh":"exdeorum:flint_mesh","result":"biggerreactors:yellorium_dust","result_amount":{"type":"minecraft:binomial","n":1.0,"p":0.055}}: Unknown item 'biggerreactors:yellorium_dust'
[12:27:20] [WARN] Error parsing recipe exdeorum:compressed_sieve/dust/netherite/yellorium_dust[exdeorum:compressed_sieve]: {"type":"exdeorum:compressed_sieve","ingredient":{"tag":"exdeorum:compressed/dust"},"mesh":"exdeorum:netherite_mesh","result":"biggerreactors:yellorium_dust","result_amount":{"type":"minecraft:binomial","n":7.0,"p":0.14}}: Unknown item 'biggerreactors:yellorium_dust'
[12:27:20] [WARN] Error parsing recipe pamhc2foodcore:caramelcupcakeitem_x4[minecraft:crafting_shapeless]: {"type":"minecraft:crafting_shapeless","ingredients":[{"tag":"forge:tool_mixingbowl"},{"tag":"forge:caramel"},{"tag":"forge:dough"}],"result":{"item":"pamhc2foodcore:caramelcupcakeitem","count":4}}: Unknown item 'pamhc2foodcore:caramelcupcakeitem'
[12:27:20] [WARN] Error parsing recipe exdeorum:compressed_sieve/dust/string/yellorium_dust[exdeorum:compressed_sieve]: {"type":"exdeorum:compressed_sieve","ingredient":{"tag":"exdeorum:compressed/dust"},"mesh":"exdeorum:string_mesh","result":"biggerreactors:yellorium_dust","result_amount":{"type":"minecraft:binomial","n":7.0,"p":0.05}}: Unknown item 'biggerreactors:yellorium_dust'
[12:27:20] [WARN] Error parsing recipe thermal:compat/tconstruct/press_tconstruct_blood_slime_2x2_packing[thermal:press]: {"type":"thermal:press","ingredients":[{"item":"tconstruct:blood_slime_ball","count":4},{"item":"thermal:press_packing_2x2_die"}],"result":[{"item":"tconstruct:blood_congealed_slime"}],"energy":400,"conditions":[{"type":"thermal:flag","flag":"mod_tconstruct"}]}: Invalid Thermal Series recipe: thermal:compat/tconstruct/press_tconstruct_blood_slime_2x2_packing
Refer to the recipe's ResourceLocation to find the mod responsible and let them know!
[12:27:20] [WARN] Error parsing recipe exdeorum:compressed_sieve/dust/diamond/yellorium_dust[exdeorum:compressed_sieve]: {"type":"exdeorum:compressed_sieve","ingredient":{"tag":"exdeorum:compressed/dust"},"mesh":"exdeorum:diamond_mesh","result":"biggerreactors:yellorium_dust","result_amount":{"type":"minecraft:binomial","n":7.0,"p":0.12}}: Unknown item 'biggerreactors:yellorium_dust'
[12:27:20] [WARN] Error parsing recipe exdeorum:sieve/dust/string/yellorium_dust[exdeorum:sieve]: {"type":"exdeorum:sieve","ingredient":{"item":"exdeorum:dust"},"mesh":"exdeorum:string_mesh","result":"biggerreactors:yellorium_dust","result_amount":{"type":"minecraft:binomial","n":1.0,"p":0.05}}: Unknown item 'biggerreactors:yellorium_dust'
[12:27:20] [WARN] Error parsing recipe thermal:compat/tconstruct/press_tconstruct_blood_slime_3x3_packing[thermal:press]: {"type":"thermal:press","ingredients":[{"item":"tconstruct:blood_slime_ball","count":9},{"item":"thermal:press_packing_3x3_die"}],"result":[{"item":"tconstruct:blood_slime"}],"energy":400,"conditions":[{"type":"thermal:flag","flag":"mod_tconstruct"}]}: Invalid Thermal Series recipe: thermal:compat/tconstruct/press_tconstruct_blood_slime_3x3_packing
Refer to the recipe's ResourceLocation to find the mod responsible and let them know!
[12:27:20] [WARN] Error parsing recipe thermal:compat/tconstruct/bottler_tconstruct_lavawood[thermal:bottler]: {"type":"thermal:bottler","ingredients":[{"tag":"minecraft:planks"},{"fluid":"minecraft:lava","amount":100}],"result":[{"item":"tconstruct:lavawood"}],"conditions":[{"type":"thermal:flag","flag":"mod_tconstruct"}]}: Invalid Thermal Series recipe: thermal:compat/tconstruct/bottler_tconstruct_lavawood
Refer to the recipe's ResourceLocation to find the mod responsible and let them know!
[12:27:20] [WARN] Error parsing recipe exdeorum:sieve/dust/iron/yellorium_dust[exdeorum:sieve]: {"type":"exdeorum:sieve","ingredient":{"item":"exdeorum:dust"},"mesh":"exdeorum:iron_mesh","result":"biggerreactors:yellorium_dust","result_amount":{"type":"minecraft:binomial","n":1.0,"p":0.08}}: Unknown item 'biggerreactors:yellorium_dust'
[12:27:20] [WARN] Error parsing recipe thermal:compat/tconstruct/press_tconstruct_blood_slime_3x3_unpacking[thermal:press]: {"type":"thermal:press","ingredients":[{"item":"tconstruct:blood_slime"},{"item":"thermal:press_unpacking_die"}],"result":[{"item":"tconstruct:blood_slime_ball","count":9}],"energy":400,"conditions":[{"type":"thermal:flag","flag":"mod_tconstruct"}]}: Invalid Thermal Series recipe: thermal:compat/tconstruct/press_tconstruct_blood_slime_3x3_unpacking
Refer to the recipe's ResourceLocation to find the mod responsible and let them know!
[12:27:20] [WARN] Error parsing recipe exdeorum:sieve/dust/golden/yellorium_dust[exdeorum:sieve]: {"type":"exdeorum:sieve","ingredient":{"item":"exdeorum:dust"},"mesh":"exdeorum:golden_mesh","result":"biggerreactors:yellorium_dust","result_amount":{"type":"minecraft:binomial","n":1.0,"p":0.1}}: Unknown item 'biggerreactors:yellorium_dust'
[12:27:20] [INFO] Added 38 recipes, removed 0 recipes, modified 4 recipes, with 21 failed recipes in 2.227 s
[12:27:35] [INFO] Server resource reload complete!
