[12:26:34] [INIT] KubeJS 2001.6.5-build.16; MC 2001 forge
[12:26:34] [INIT] Loaded plugins:
[12:26:34] [INIT] - dev.latvian.mods.kubejs.forge.BuiltinKubeJSForgePlugin
[12:26:34] [INIT] - thedarkcolour.exdeorum.compat.kubejs.ExDeorumKubeJsPlugin
[12:26:34] [INIT] - dev.ftb.mods.ftbxmodcompat.ftbquests.kubejs.KubeJSIntegration
[12:26:34] [INIT] - dev.ftb.mods.ftbxmodcompat.ftbchunks.kubejs.FTBChunksKubeJSPlugin
[12:26:34] [INIT] - dev.ftb.mods.ftbxmodcompat.ftbteams.kubejs.FTBTeamsKubeJSPlugin
[12:26:34] [INIT] - net.liopyu.entityjs.EntityJSPlugin
[12:26:34] [INIT] - com.bobvarioa.kubejsbotanypots.KubeJSBotanyPotsPlugin
[12:26:34] [INIT] - com.blakebr0.cucumber.compat.kubejs.CucumberKubeJSPlugin
[12:26:34] [INIT] - committee.nova.mods.avaritia.init.compat.kubejs.KubeJSAvaritiaPlugin
[12:26:35] [INFO] Loaded script startup_scripts:chaos.js in 0.145 s
[12:26:35] [INFO] Loaded script startup_scripts:chaos_shard_items.js in 0.001 s
[12:26:35] [INFO] Loaded script startup_scripts:compressed_cobble.js in 0.004 s
[12:26:35] [INFO] Loaded script startup_scripts:demon_steel.js in 0.002 s
[12:26:35] [INFO] Loaded script startup_scripts:drawers_standin.js in 0.002 s
[12:26:35] [INFO] Loaded script startup_scripts:loot_stack.js in 0.003 s
[12:26:35] [INFO] Loaded script startup_scripts:nether_stars.js in 0.002 s
[12:26:35] [INFO] Loaded script startup_scripts:quark_blocks.js in 0.018 s
[12:26:35] [INFO] Loaded script startup_scripts:star_blocks.js in 0.002 s
[12:26:35] [INFO] Loaded 9/9 KubeJS startup scripts in 1.003 s with 0 errors and 0 warnings
